<?xml version="1.0" encoding="UTF-8"?>
<!-- Generated by org.testng.reporters.JUnitXMLReporter -->
<testsuite ignored="2" hostname="INLPF3L43V4" failures="0" tests="0" time="0.018" errors="0" timestamp="2025-04-01T21:25:02 IST">
  <testcase classname="rahulshettyacademy.tests.PageObjectModelTest" name="orderHistoryTest" time="0.0">
    <ignored/>
  </testcase> <!-- orderHistoryTest -->
  <testcase classname="rahulshettyacademy.tests.PageObjectModelTest" name="placetheOrder" time="0.0">
    <ignored/>
  </testcase> <!-- placetheOrder -->
</testsuite>
