<?xml version="1.0" encoding="UTF-8"?>
<!-- Generated by org.testng.reporters.JUnitXMLReporter -->
<testsuite ignored="2" hostname="INLPF3L43V4" failures="0" tests="0" time="0.003" errors="0" timestamp="2025-04-03T07:17:04 IST">
  <testcase classname="rahulshettyacademy.tests.ErrorValidationsTest" name="productErrorvalidation" time="0.0">
    <ignored/>
  </testcase> <!-- productErrorvalidation -->
  <testcase classname="rahulshettyacademy.tests.ErrorValidationsTest" name="loginErrorValidation" time="0.0">
    <ignored/>
  </testcase> <!-- loginErrorValidation -->
</testsuite>
