<?xml version="1.0" encoding="UTF-8"?>
<!-- Generated by org.testng.reporters.JUnitXMLReporter -->
<testsuite ignored="0" hostname="INLPF3L43V4" failures="0" tests="2" name="PlaceOrderTest" time="29.838" errors="0" timestamp="2025-04-14T07:38:09 IST">
  <testcase classname="rahulshettyacademy.tests.PageObjectModelTest" name="placetheOrder" time="16.775"/>
  <testcase classname="rahulshettyacademy.tests.PageObjectModelTest" name="orderHistoryTest" time="0.649"/>
</testsuite> <!-- PlaceOrderTest -->
