<?xml version="1.0" encoding="UTF-8"?>
<!-- Generated by org.testng.reporters.JUnitXMLReporter -->
<testsuite ignored="1" hostname="INLPF3L43V4" failures="0" tests="2" name="PlaceOrderTest" time="25.173" errors="0" timestamp="2025-04-03T07:17:04 IST">
  <testcase classname="rahulshettyacademy.tests.PageObjectModelTest" name="placetheOrder" time="7.833"/>
  <testcase classname="rahulshettyacademy.tests.PageObjectModelTest" name="placetheOrder" time="7.261"/>
  <testcase classname="rahulshettyacademy.tests.PageObjectModelTest" name="orderHistoryTest" time="0.0">
    <ignored/>
  </testcase> <!-- orderHistoryTest -->
</testsuite> <!-- PlaceOrderTest -->
