<?xml version="1.0" encoding="UTF-8"?>
<!-- Generated by org.testng.reporters.JUnitReportReporter -->
<testsuite hostname="INLPF3L43V4" failures="0" tests="2" name="rahulshettyacademy.tests.PageObjectModelTest" time="29.429" errors="0" timestamp="2025-04-14T07:38:09 IST" skipped="0">
  <testcase classname="rahulshettyacademy.tests.PageObjectModelTest" name="orderHistoryTest" time="6.051"/>
  <testcase classname="rahulshettyacademy.tests.PageObjectModelTest" name="placetheOrder" time="23.378"/>
</testsuite> <!-- rahulshettyacademy.tests.PageObjectModelTest -->
