<?xml version="1.0" encoding="UTF-8"?>
<testng-results ignored="0" total="1" passed="1" failed="0" skipped="0">
  <reporter-output>
  </reporter-output>
  <suite started-at="2025-03-29T12:39:21 IST" name="Default suite" finished-at="2025-03-29T12:39:21 IST" duration-ms="77">
    <groups>
    </groups>
    <test started-at="2025-03-29T12:39:21 IST" name="Default test" finished-at="2025-03-29T12:39:21 IST" duration-ms="77">
      <class name="streams.Test1">
        <test-method signature="streamCollect()[pri:0, instance:streams.Test1@70ed52de]" started-at="2025-03-29T12:39:21 IST" name="streamCollect" finished-at="2025-03-29T12:39:21 IST" duration-ms="7" status="PASS">
          <reporter-output>
          </reporter-output>
        </test-method> <!-- streamCollect -->
      </class> <!-- streams.Test1 -->
    </test> <!-- Default test -->
  </suite> <!-- Default suite -->
</testng-results>
