<?xml version="1.0" encoding="UTF-8"?>
<testng-results ignored="3" total="5" passed="2" failed="0" skipped="0">
  <reporter-output>
  </reporter-output>
  <suite started-at="2025-04-03T07:16:39 IST" name="Suite" finished-at="2025-04-03T07:17:04 IST" duration-ms="25220">
    <groups>
      <group name="Purchase">
        <method signature="PageObjectModelTest.placetheOrder(java.util.HashMap)[pri:0, instance:rahulshettyacademy.tests.PageObjectModelTest@c430e6c]" name="placetheOrder" class="rahulshettyacademy.tests.PageObjectModelTest"/>
      </group> <!-- Purchase -->
    </groups>
    <test started-at="2025-04-03T07:16:39 IST" name="PlaceOrderTest" finished-at="2025-04-03T07:17:04 IST" duration-ms="25173">
      <class name="rahulshettyacademy.tests.PageObjectModelTest">
        <test-method is-config="true" signature="launchApplication()[pri:0, instance:rahulshettyacademy.tests.PageObjectModelTest@c430e6c]" started-at="2025-04-03T07:16:39 IST" name="launchApplication" finished-at="2025-04-03T07:16:46 IST" duration-ms="7162" status="PASS">
          <reporter-output>
          </reporter-output>
        </test-method> <!-- launchApplication -->
        <test-method signature="placetheOrder(java.util.HashMap)[pri:0, instance:rahulshettyacademy.tests.PageObjectModelTest@c430e6c]" started-at="2025-04-03T07:16:46 IST" name="placetheOrder" data-provider="getData" finished-at="2025-04-03T07:16:54 IST" duration-ms="7833" status="PASS">
          <params>
            <param index="0">
              <value>
                <![CDATA[{password=Test@123, email=kavya.19jan@gmail.com, newProduct=ZARA COAT 3}]]>
              </value>
            </param>
          </params>
          <reporter-output>
          </reporter-output>
        </test-method> <!-- placetheOrder -->
        <test-method is-config="true" signature="tearDown()[pri:0, instance:rahulshettyacademy.tests.PageObjectModelTest@c430e6c]" started-at="2025-04-03T07:16:54 IST" name="tearDown" finished-at="2025-04-03T07:16:54 IST" duration-ms="211" status="PASS">
          <reporter-output>
          </reporter-output>
        </test-method> <!-- tearDown -->
        <test-method is-config="true" signature="launchApplication()[pri:0, instance:rahulshettyacademy.tests.PageObjectModelTest@c430e6c]" started-at="2025-04-03T07:16:54 IST" name="launchApplication" finished-at="2025-04-03T07:16:57 IST" duration-ms="2258" status="PASS">
          <reporter-output>
          </reporter-output>
        </test-method> <!-- launchApplication -->
        <test-method signature="placetheOrder(java.util.HashMap)[pri:0, instance:rahulshettyacademy.tests.PageObjectModelTest@c430e6c]" started-at="2025-04-03T07:16:57 IST" name="placetheOrder" data-provider="getData" finished-at="2025-04-03T07:17:04 IST" duration-ms="7261" status="PASS">
          <params>
            <param index="0">
              <value>
                <![CDATA[{password=Test@123, email=harekrishna@gmail.com, newProduct=ADIDAS ORIGINAL}]]>
              </value>
            </param>
          </params>
          <reporter-output>
          </reporter-output>
        </test-method> <!-- placetheOrder -->
        <test-method is-config="true" signature="tearDown()[pri:0, instance:rahulshettyacademy.tests.PageObjectModelTest@c430e6c]" started-at="2025-04-03T07:17:04 IST" name="tearDown" finished-at="2025-04-03T07:17:04 IST" duration-ms="151" status="PASS">
          <reporter-output>
          </reporter-output>
        </test-method> <!-- tearDown -->
      </class> <!-- rahulshettyacademy.tests.PageObjectModelTest -->
    </test> <!-- PlaceOrderTest -->
    <test started-at="2025-04-03T07:17:04 IST" name="ErrorValidationsTest" finished-at="2025-04-03T07:17:04 IST" duration-ms="3">
    </test> <!-- ErrorValidationsTest -->
  </suite> <!-- Suite -->
</testng-results>
