<?xml version="1.0" encoding="UTF-8"?>
<testng-results ignored="0" total="3" passed="2" failed="1" skipped="0">
  <reporter-output>
  </reporter-output>
  <suite started-at="2025-04-14T07:37:39 IST" name="Suite" finished-at="2025-04-14T07:38:09 IST" duration-ms="29838">
    <groups>
      <group name="Purchase">
        <method signature="PageObjectModelTest.placetheOrder(java.util.HashMap)[pri:0, instance:rahulshettyacademy.tests.PageObjectModelTest@176b3f44]" name="placetheOrder" class="rahulshettyacademy.tests.PageObjectModelTest"/>
      </group> <!-- Purchase -->
    </groups>
    <test started-at="2025-04-14T07:37:39 IST" name="ErrorValidationsTest" finished-at="2025-04-14T07:37:48 IST" duration-ms="8756">
      <class name="rahulshettyacademy.tests.ErrorValidationsTest">
        <test-method is-config="true" signature="launchApplication()[pri:0, instance:rahulshettyacademy.tests.ErrorValidationsTest@f80945f]" started-at="2025-04-14T07:37:40 IST" name="launchApplication" finished-at="2025-04-14T07:37:46 IST" duration-ms="6396" status="PASS">
          <reporter-output>
          </reporter-output>
        </test-method> <!-- launchApplication -->
        <test-method signature="loginErrorValidation()[pri:0, instance:rahulshettyacademy.tests.ErrorValidationsTest@f80945f]" started-at="2025-04-14T07:37:46 IST" name="loginErrorValidation" finished-at="2025-04-14T07:37:47 IST" duration-ms="1469" status="FAIL">
          <exception class="java.lang.AssertionError">
            <message>
              <![CDATA[expected [Incorrect email or password.] but found [Incorrect email password.]]]>
            </message>
            <full-stacktrace>
              <![CDATA[java.lang.AssertionError: expected [Incorrect email or password.] but found [Incorrect email password.]
at org.testng.Assert.fail(Assert.java:111)
at org.testng.Assert.failNotEquals(Assert.java:1590)
at org.testng.Assert.assertEqualsImpl(Assert.java:150)
at org.testng.Assert.assertEquals(Assert.java:132)
at org.testng.Assert.assertEquals(Assert.java:656)
at org.testng.Assert.assertEquals(Assert.java:666)
at rahulshettyacademy.tests.ErrorValidationsTest.loginErrorValidation(ErrorValidationsTest.java:21)
at java.base/jdk.internal.reflect.NativeMethodAccessorImpl.invoke0(Native Method)
at java.base/jdk.internal.reflect.NativeMethodAccessorImpl.invoke(NativeMethodAccessorImpl.java:62)
at java.base/jdk.internal.reflect.DelegatingMethodAccessorImpl.invoke(DelegatingMethodAccessorImpl.java:43)
at java.base/java.lang.reflect.Method.invoke(Method.java:566)
at org.testng.internal.invokers.MethodInvocationHelper.invokeMethod(MethodInvocationHelper.java:141)
at org.testng.internal.invokers.TestInvoker.invokeMethod(TestInvoker.java:687)
at org.testng.internal.invokers.TestInvoker.invokeTestMethod(TestInvoker.java:230)
at org.testng.internal.invokers.MethodRunner.runInSequence(MethodRunner.java:63)
at org.testng.internal.invokers.TestInvoker$MethodInvocationAgent.invoke(TestInvoker.java:995)
at org.testng.internal.invokers.TestInvoker.invokeTestMethods(TestInvoker.java:203)
at org.testng.internal.invokers.TestMethodWorker.invokeTestMethods(TestMethodWorker.java:154)
at org.testng.internal.invokers.TestMethodWorker.run(TestMethodWorker.java:134)
at java.base/java.util.ArrayList.forEach(ArrayList.java:1541)
at org.testng.TestRunner.privateRun(TestRunner.java:741)
at org.testng.TestRunner.run(TestRunner.java:616)
at org.testng.SuiteRunner.runTest(SuiteRunner.java:421)
at org.testng.SuiteRunner$SuiteWorker.run(SuiteRunner.java:463)
at org.testng.internal.thread.ThreadUtil.lambda$execute$0(ThreadUtil.java:64)
at java.base/java.util.concurrent.FutureTask.run(FutureTask.java:264)
at java.base/java.util.concurrent.ThreadPoolExecutor.runWorker(ThreadPoolExecutor.java:1128)
at java.base/java.util.concurrent.ThreadPoolExecutor$Worker.run(ThreadPoolExecutor.java:628)
at java.base/java.lang.Thread.run(Thread.java:829)
]]>
            </full-stacktrace>
          </exception> <!-- java.lang.AssertionError -->
          <reporter-output>
          </reporter-output>
        </test-method> <!-- loginErrorValidation -->
        <test-method is-config="true" signature="tearDown()[pri:0, instance:rahulshettyacademy.tests.ErrorValidationsTest@f80945f]" started-at="2025-04-14T07:37:48 IST" name="tearDown" finished-at="2025-04-14T07:37:48 IST" duration-ms="300" status="PASS">
          <reporter-output>
          </reporter-output>
        </test-method> <!-- tearDown -->
      </class> <!-- rahulshettyacademy.tests.ErrorValidationsTest -->
    </test> <!-- ErrorValidationsTest -->
    <test started-at="2025-04-14T07:37:39 IST" name="PlaceOrderTest" finished-at="2025-04-14T07:38:09 IST" duration-ms="29838">
      <class name="rahulshettyacademy.tests.PageObjectModelTest">
        <test-method is-config="true" signature="launchApplication()[pri:0, instance:rahulshettyacademy.tests.PageObjectModelTest@176b3f44]" started-at="2025-04-14T07:37:40 IST" name="launchApplication" finished-at="2025-04-14T07:37:46 IST" duration-ms="6201" status="PASS">
          <reporter-output>
          </reporter-output>
        </test-method> <!-- launchApplication -->
        <test-method signature="placetheOrder(java.util.HashMap)[pri:0, instance:rahulshettyacademy.tests.PageObjectModelTest@176b3f44]" started-at="2025-04-14T07:37:46 IST" name="placetheOrder" data-provider="getData" finished-at="2025-04-14T07:38:03 IST" duration-ms="16775" status="PASS">
          <params>
            <param index="0">
              <value>
                <![CDATA[{password=Test@123, email=kavya.19jan@gmail.com, newProduct=ZARA COAT 3}]]>
              </value>
            </param>
          </params>
          <reporter-output>
          </reporter-output>
        </test-method> <!-- placetheOrder -->
        <test-method is-config="true" signature="tearDown()[pri:0, instance:rahulshettyacademy.tests.PageObjectModelTest@176b3f44]" started-at="2025-04-14T07:38:03 IST" name="tearDown" finished-at="2025-04-14T07:38:03 IST" duration-ms="402" status="PASS">
          <reporter-output>
          </reporter-output>
        </test-method> <!-- tearDown -->
        <test-method is-config="true" signature="launchApplication()[pri:0, instance:rahulshettyacademy.tests.PageObjectModelTest@176b3f44]" started-at="2025-04-14T07:38:03 IST" name="launchApplication" finished-at="2025-04-14T07:38:08 IST" duration-ms="5194" status="PASS">
          <reporter-output>
          </reporter-output>
        </test-method> <!-- launchApplication -->
        <test-method signature="orderHistoryTest()[pri:0, instance:rahulshettyacademy.tests.PageObjectModelTest@176b3f44]" started-at="2025-04-14T07:38:08 IST" name="orderHistoryTest" finished-at="2025-04-14T07:38:09 IST" depends-on-methods="rahulshettyacademy.tests.PageObjectModelTest.placetheOrder" duration-ms="649" status="PASS">
          <reporter-output>
          </reporter-output>
        </test-method> <!-- orderHistoryTest -->
        <test-method is-config="true" signature="tearDown()[pri:0, instance:rahulshettyacademy.tests.PageObjectModelTest@176b3f44]" started-at="2025-04-14T07:38:09 IST" name="tearDown" finished-at="2025-04-14T07:38:09 IST" duration-ms="208" status="PASS">
          <reporter-output>
          </reporter-output>
        </test-method> <!-- tearDown -->
      </class> <!-- rahulshettyacademy.tests.PageObjectModelTest -->
    </test> <!-- PlaceOrderTest -->
  </suite> <!-- Suite -->
</testng-results>
